Build started 11/20/2014 9:26:42 PM.
     1>Project "C:\Users\Chuyinzkiz\Documents\UCSD 2014\CSE 167\HW5_JesusVillegas\HW5_JesusVillegas\HW5_JesusVillegas.vcxproj" on node 2 (Build target(s)).
     1>ClCompile:
         C:\Program Files (x86)\Microsoft Visual Studio 12.0\VC\bin\CL.exe /c /I"C:\Glut\glut-3.7.6-bin" /ZI /nologo /W3 /WX- /sdl /Od /Oy- /D _CRT_SECURE_NO_WARNINGS /D _MBCS /Gm /EHsc /RTC1 /MDd /GS /fp:precise /Zc:wchar_t /Zc:forScope /Fo"Debug\\" /Fd"Debug\vc120.pdb" /Gd /TP /analyze- /errorReport:prompt FileObj2.cpp
         FileObj2.cpp
     1>c:\users\chuyinzkiz\documents\ucsd 2014\cse 167\hw5_jesusvillegas\hw5_jesusvillegas\fileobj2.cpp(142): warning C4018: '<' : signed/unsigned mismatch
     1>c:\users\chuyinzkiz\documents\ucsd 2014\cse 167\hw5_jesusvillegas\hw5_jesusvillegas\fileobj2.cpp(144): warning C4309: 'argument' : truncation of constant value
     1>c:\users\chuyinzkiz\documents\ucsd 2014\cse 167\hw5_jesusvillegas\hw5_jesusvillegas\fileobj2.cpp(75): warning C4101: 's' : unreferenced local variable
     1>c:\users\chuyinzkiz\documents\ucsd 2014\cse 167\hw5_jesusvillegas\hw5_jesusvillegas\fileobj2.cpp(189): warning C4018: '<' : signed/unsigned mismatch
     1>c:\users\chuyinzkiz\documents\ucsd 2014\cse 167\hw5_jesusvillegas\hw5_jesusvillegas\fileobj2.cpp(216): warning C4018: '<' : signed/unsigned mismatch
     1>c:\users\chuyinzkiz\documents\ucsd 2014\cse 167\hw5_jesusvillegas\hw5_jesusvillegas\fileobj2.cpp(223): warning C4018: '<' : signed/unsigned mismatch
     1>c:\users\chuyinzkiz\documents\ucsd 2014\cse 167\hw5_jesusvillegas\hw5_jesusvillegas\fileobj2.cpp(230): warning C4018: '<' : signed/unsigned mismatch
       Link:
         C:\Program Files (x86)\Microsoft Visual Studio 12.0\VC\bin\link.exe /ERRORREPORT:PROMPT /OUT:"C:\Users\Chuyinzkiz\Documents\UCSD 2014\CSE 167\HW5_JesusVillegas\Debug\HW5_JesusVillegas.exe" /INCREMENTAL /NOLOGO /LIBPATH:"C:\Glut\glut-3.7.6-bin" kernel32.lib user32.lib gdi32.lib winspool.lib comdlg32.lib advapi32.lib shell32.lib ole32.lib oleaut32.lib uuid.lib odbc32.lib odbccp32.lib /MANIFEST /MANIFESTUAC:"level='asInvoker' uiAccess='false'" /manifest:embed /DEBUG /PDB:"C:\Users\Chuyinzkiz\Documents\UCSD 2014\CSE 167\HW5_JesusVillegas\Debug\HW5_JesusVillegas.pdb" /TLBID:1 /DYNAMICBASE /NXCOMPAT /IMPLIB:"C:\Users\Chuyinzkiz\Documents\UCSD 2014\CSE 167\HW5_JesusVillegas\Debug\HW5_JesusVillegas.lib" /MACHINE:X86 Debug\Camera.obj
         Debug\FileObj2.obj
         Debug\main.obj
         Debug\Matrix4.obj
         Debug\Vector3.obj
         Debug\Vector4.obj
         Debug\window.obj
         HW5_JesusVillegas.vcxproj -> C:\Users\Chuyinzkiz\Documents\UCSD 2014\CSE 167\HW5_JesusVillegas\Debug\HW5_JesusVillegas.exe
     1>Done Building Project "C:\Users\Chuyinzkiz\Documents\UCSD 2014\CSE 167\HW5_JesusVillegas\HW5_JesusVillegas\HW5_JesusVillegas.vcxproj" (Build target(s)).

Build succeeded.

Time Elapsed 00:00:00.93
